TN:
SF:src\database\index.ts
FNF:0
FNH:0
DA:1,1
DA:2,1
DA:3,1
LF:3
LH:3
BRF:0
BRH:0
end_of_record
TN:
SF:src\middleware\ensureAuthenticateUser.ts
FN:13,ensureAuthenticateUser
FNF:1
FNH:0
FNDA:0,ensureAuthenticateUser
DA:1,1
DA:2,1
DA:3,1
DA:4,1
DA:5,1
DA:6,1
DA:7,1
DA:8,1
DA:9,1
DA:10,1
DA:11,1
DA:12,1
DA:13,0
DA:14,0
DA:15,0
DA:16,0
DA:17,0
DA:18,0
DA:19,0
DA:20,0
DA:21,0
DA:22,0
DA:23,0
DA:24,0
DA:25,0
DA:26,0
DA:27,0
DA:28,0
DA:29,0
DA:30,0
DA:31,0
LF:31
LH:12
BRF:0
BRH:0
end_of_record
TN:
SF:src\modules\stores\repositories\prisma\StoreRepository.ts
FN:8,create
FN:22,getAll
FNF:2
FNH:0
FNDA:0,create
FNDA:0,getAll
DA:1,1
DA:2,1
DA:3,1
DA:4,1
DA:5,1
DA:6,1
DA:7,1
DA:8,1
DA:9,0
DA:10,0
DA:11,0
DA:12,0
DA:13,0
DA:14,0
DA:15,0
DA:16,0
DA:17,0
DA:18,0
DA:19,0
DA:20,0
DA:21,1
DA:22,1
DA:23,0
DA:24,0
DA:25,0
DA:26,0
DA:27,0
DA:28,0
DA:29,0
DA:30,0
DA:31,0
DA:32,0
DA:33,0
DA:34,0
DA:35,0
DA:36,1
LF:36
LH:11
BRF:0
BRH:0
end_of_record
TN:
SF:src\modules\stores\routes\listStore.routes.ts
FNF:0
FNH:0
DA:1,1
DA:2,1
DA:3,1
DA:4,1
DA:5,1
DA:6,1
DA:7,1
DA:8,1
DA:9,1
LF:9
LH:9
BRF:0
BRH:0
end_of_record
TN:
SF:src\modules\stores\routes\store.routes.ts
FNF:0
FNH:0
DA:1,1
DA:2,1
DA:3,1
DA:4,1
DA:5,1
DA:6,1
DA:7,1
DA:8,1
DA:9,1
DA:10,1
DA:11,1
DA:12,1
DA:13,1
DA:14,1
DA:15,1
DA:16,1
DA:17,1
DA:18,1
DA:19,1
DA:20,1
DA:21,1
DA:22,1
LF:22
LH:22
BRF:0
BRH:0
end_of_record
TN:
SF:src\modules\stores\useCases\listStore\ListStoreController.ts
FN:6,handle
FNF:1
FNH:0
FNDA:0,handle
DA:1,1
DA:2,1
DA:3,1
DA:4,1
DA:5,1
DA:6,1
DA:7,0
DA:8,0
DA:9,0
DA:10,0
DA:11,0
DA:12,0
DA:13,1
LF:13
LH:7
BRF:0
BRH:0
end_of_record
TN:
SF:src\modules\stores\useCases\listStore\ListStoreUseCase.ts
FN:4,CreateStoreUseCase
FN:8,execute
FNF:2
FNH:0
FNDA:0,CreateStoreUseCase
FNDA:0,execute
DA:1,1
DA:2,1
DA:3,1
DA:4,1
DA:5,0
DA:6,0
DA:7,1
DA:8,1
DA:9,0
DA:10,0
DA:11,0
DA:12,0
DA:13,1
LF:13
LH:7
BRF:0
BRH:0
end_of_record
TN:
SF:src\modules\stores\useCases\store\CreateStoreController.ts
FN:6,handle
FNF:1
FNH:0
FNDA:0,handle
DA:1,1
DA:2,1
DA:3,1
DA:4,1
DA:5,1
DA:6,1
DA:7,0
DA:8,0
DA:9,0
DA:10,0
DA:11,0
DA:12,0
DA:13,0
DA:14,0
DA:15,0
DA:16,0
DA:17,0
DA:18,0
DA:19,0
DA:20,0
DA:21,1
LF:21
LH:7
BRF:0
BRH:0
end_of_record
TN:
SF:src\modules\stores\useCases\store\CreateStoreUseCase.ts
FN:5,CreateStoreUseCase
FN:9,execute
FNF:2
FNH:0
FNDA:0,CreateStoreUseCase
FNDA:0,execute
DA:1,1
DA:2,1
DA:3,1
DA:4,1
DA:5,1
DA:6,0
DA:7,0
DA:8,1
DA:9,1
DA:10,0
DA:11,0
DA:12,0
DA:13,0
DA:14,0
DA:15,0
DA:16,0
DA:17,0
DA:18,0
DA:19,0
DA:20,0
DA:21,1
LF:21
LH:8
BRF:0
BRH:0
end_of_record
TN:
SF:src\modules\user\repositories\inmemory\UserRepositoryInMemory.ts
FN:5,UserRepositoryInMemory
FN:8,create
FN:30,findByEmail
FN:34,findById
FNF:4
FNH:4
FNDA:8,UserRepositoryInMemory
FNDA:6,create
FNDA:10,findByEmail
FNDA:2,findById
DA:1,1
DA:2,1
DA:3,1
DA:4,1
DA:5,8
DA:6,8
DA:7,8
DA:8,8
DA:9,6
DA:10,6
DA:11,6
DA:12,6
DA:13,6
DA:14,6
DA:15,6
DA:16,6
DA:17,6
DA:18,6
DA:19,6
DA:20,6
DA:21,6
DA:22,6
DA:23,6
DA:24,6
DA:25,6
DA:26,6
DA:27,6
DA:28,6
DA:29,8
DA:30,8
DA:31,10
DA:32,10
DA:33,8
DA:34,8
DA:35,2
DA:36,2
DA:37,8
LF:37
LH:37
BRDA:5,0,0,8
BRDA:8,1,0,6
BRDA:30,2,0,10
BRDA:31,3,0,7
BRDA:31,4,0,3
BRDA:34,5,0,2
BRDA:35,6,0,1
BRDA:35,7,0,1
BRF:8
BRH:8
end_of_record
TN:
SF:src\modules\user\repositories\prisma\UsersRepository.ts
FN:7,create
FN:15,findByEmail
FN:21,findById
FNF:3
FNH:2
FNDA:1,create
FNDA:3,findByEmail
FNDA:0,findById
DA:1,1
DA:2,1
DA:3,1
DA:4,1
DA:5,1
DA:6,1
DA:7,1
DA:8,1
DA:9,1
DA:10,1
DA:11,1
DA:12,1
DA:13,1
DA:14,1
DA:15,1
DA:16,3
DA:17,3
DA:18,3
DA:19,3
DA:20,1
DA:21,1
DA:22,0
DA:23,0
DA:24,0
DA:25,0
DA:26,1
DA:27,1
LF:27
LH:23
BRDA:7,0,0,1
BRDA:15,1,0,3
BRF:2
BRH:2
end_of_record
TN:
SF:src\modules\user\routes\session.routes.ts
FNF:0
FNH:0
DA:1,1
DA:2,1
DA:3,1
DA:4,1
DA:5,1
DA:6,1
DA:7,1
DA:8,1
DA:9,1
DA:10,1
DA:11,1
DA:12,1
DA:13,1
DA:14,1
DA:15,1
DA:16,1
DA:17,1
DA:18,1
LF:18
LH:18
BRF:0
BRH:0
end_of_record
TN:
SF:src\modules\user\routes\user.routes.ts
FNF:0
FNH:0
DA:1,1
DA:2,1
DA:3,1
DA:4,1
DA:5,1
DA:6,1
DA:7,1
DA:8,1
DA:9,1
DA:10,1
DA:11,1
DA:12,1
DA:13,1
DA:14,1
DA:15,1
DA:16,1
DA:17,1
DA:18,1
DA:19,1
DA:20,1
LF:20
LH:20
BRF:0
BRH:0
end_of_record
TN:
SF:src\modules\user\routes\userProfile.routes.ts
FNF:0
FNH:0
DA:1,1
DA:2,1
DA:3,1
DA:4,1
DA:5,1
DA:6,1
DA:7,1
DA:8,1
LF:8
LH:8
BRF:0
BRH:0
end_of_record
TN:
SF:src\modules\user\useCases\authenticateUser\AuthenticateUserController.ts
FN:6,handle
FNF:1
FNH:0
FNDA:0,handle
DA:1,1
DA:2,1
DA:3,1
DA:4,1
DA:5,1
DA:6,1
DA:7,0
DA:8,0
DA:9,0
DA:10,0
DA:11,0
DA:12,0
DA:13,0
DA:14,0
DA:15,1
LF:15
LH:7
BRF:0
BRH:0
end_of_record
TN:
SF:src\modules\user\useCases\authenticateUser\AuthenticateUserUseCase.ts
FN:8,AuthenticateUserUseCase
FN:12,execute
FNF:2
FNH:2
FNDA:3,AuthenticateUserUseCase
FNDA:3,execute
DA:1,1
DA:2,1
DA:3,1
DA:4,1
DA:5,1
DA:6,1
DA:7,1
DA:8,1
DA:9,3
DA:10,3
DA:11,1
DA:12,1
DA:13,3
DA:14,3
DA:15,3
DA:16,1
DA:17,1
DA:18,2
DA:19,2
DA:20,2
DA:21,3
DA:22,1
DA:23,1
DA:24,1
DA:25,1
DA:26,1
DA:27,1
DA:28,1
DA:29,1
DA:30,1
DA:31,1
DA:32,1
DA:33,1
DA:34,1
DA:35,1
DA:36,1
DA:37,1
DA:38,1
DA:39,1
LF:39
LH:39
BRDA:8,0,0,3
BRDA:12,1,0,3
BRDA:15,2,0,1
BRDA:18,3,0,2
BRDA:21,4,0,1
BRF:5
BRH:5
end_of_record
TN:
SF:src\modules\user\useCases\user\CreateUserController.ts
FN:6,handle
FNF:1
FNH:1
FNDA:3,handle
DA:1,1
DA:2,1
DA:3,1
DA:4,1
DA:5,1
DA:6,1
DA:7,3
DA:8,3
DA:9,3
DA:10,3
DA:11,3
DA:12,3
DA:13,3
DA:14,1
DA:15,1
DA:16,1
DA:17,1
LF:17
LH:17
BRDA:6,0,0,3
BRDA:14,1,0,1
BRF:2
BRH:2
end_of_record
TN:
SF:src\modules\user\useCases\user\CreateUserUseCase.ts
FN:7,CreateUserUseCase
FN:11,execute
FNF:2
FNH:2
FNDA:11,CreateUserUseCase
FNDA:11,execute
DA:1,1
DA:2,1
DA:3,1
DA:4,1
DA:5,1
DA:6,1
DA:7,1
DA:8,11
DA:9,11
DA:10,1
DA:11,1
DA:12,11
DA:13,11
DA:14,1
DA:15,1
DA:16,10
DA:17,10
DA:18,10
DA:19,11
DA:20,3
DA:21,3
DA:22,7
DA:23,7
DA:24,7
DA:25,7
DA:26,7
DA:27,7
DA:28,7
DA:29,7
DA:30,7
DA:31,7
DA:32,7
DA:33,1
LF:33
LH:33
BRDA:7,0,0,11
BRDA:11,1,0,11
BRDA:13,2,0,1
BRDA:16,3,0,10
BRDA:19,4,0,3
BRDA:22,5,0,7
BRF:6
BRH:6
end_of_record
TN:
SF:src\modules\user\useCases\userProfile\UserProfileController.ts
FN:6,handle
FNF:1
FNH:0
FNDA:0,handle
DA:1,1
DA:2,1
DA:3,1
DA:4,1
DA:5,1
DA:6,1
DA:7,0
DA:8,0
DA:9,0
DA:10,0
DA:11,0
DA:12,0
DA:13,0
DA:14,0
DA:15,0
DA:16,1
LF:16
LH:7
BRF:0
BRH:0
end_of_record
TN:
SF:src\modules\user\useCases\userProfile\UserProfileUseCase.ts
FN:5,UserProfileUseCase
FN:9,execute
FNF:2
FNH:2
FNDA:2,UserProfileUseCase
FNDA:2,execute
DA:1,1
DA:2,1
DA:3,1
DA:4,1
DA:5,1
DA:6,2
DA:7,2
DA:8,1
DA:9,1
DA:10,2
DA:11,2
DA:12,2
DA:13,1
DA:14,1
DA:15,1
DA:16,1
DA:17,1
DA:18,1
LF:18
LH:18
BRDA:5,0,0,2
BRDA:9,1,0,2
BRDA:12,2,0,1
BRF:3
BRH:3
end_of_record
TN:
SF:src\shared\errors\AppError.ts
FN:5,AppError
FNF:1
FNH:1
FNDA:12,AppError
DA:1,1
DA:2,1
DA:3,1
DA:4,1
DA:5,1
DA:6,12
DA:7,12
DA:8,12
DA:9,1
DA:10,1
DA:11,1
LF:11
LH:11
BRDA:5,0,0,12
BRF:1
BRH:1
end_of_record
TN:
SF:src\shared\http\server.ts
FNF:0
FNH:0
DA:1,1
DA:2,1
DA:3,1
DA:4,1
DA:5,1
DA:6,1
DA:7,1
DA:8,1
DA:9,1
DA:10,1
DA:11,1
DA:12,1
DA:13,1
DA:14,1
DA:15,1
DA:16,1
DA:17,1
DA:18,1
DA:19,2
DA:20,2
DA:21,2
DA:22,2
DA:23,2
DA:24,2
DA:25,0
DA:26,0
DA:27,0
DA:28,0
DA:29,0
DA:30,0
DA:31,1
DA:32,1
DA:33,1
DA:34,1
LF:34
LH:28
BRDA:18,0,0,2
BRDA:25,1,0,0
BRDA:34,2,0,1
BRF:3
BRH:2
end_of_record
TN:
SF:src\shared\http\routes\routes.ts
FNF:0
FNH:0
DA:1,1
DA:2,1
DA:3,1
DA:4,1
DA:5,1
DA:6,1
DA:7,1
DA:8,1
DA:9,1
DA:10,1
DA:11,1
DA:12,1
DA:13,1
DA:14,1
DA:15,1
LF:15
LH:15
BRF:0
BRH:0
end_of_record
